<?xml version="1.0" encoding="UTF-8"?>
<!-- Generated by org.testng.reporters.JUnitXMLReporter -->
<testsuite hostname="CTNL0025" failures="0" tests="1" name="Default test" time="0.04" errors="0" timestamp="4 Oct 2019 06:08:21 GMT">
  <testcase classname="com.migo.android.tests.MF2.Migo_MF2" name="@BeforeClass startApp" time="0.0">
    <failure type="org.testng.TestNGException" message="
Parameter &amp;apos;device&amp;apos; is required by @Configuration on method startApp but has not been marked @Optional or defined
in /tmp/testng-eclipse--547586258/testng-customsuite.xml">
      <![CDATA[org.testng.TestNGException: 
Parameter 'device' is required by @Configuration on method startApp but has not been marked @Optional or defined
in /tmp/testng-eclipse--547586258/testng-customsuite.xml
	at org.testng.internal.Parameters.createParameters(Parameters.java:155)
	at org.testng.internal.Parameters.createParameters(Parameters.java:355)
	at org.testng.internal.Parameters.createConfigurationParameters(Parameters.java:86)
	at org.testng.internal.Invoker.invokeConfigurations(Invoker.java:199)
	at org.testng.internal.Invoker.invokeConfigurations(Invoker.java:138)
	at org.testng.internal.TestMethodWorker.invokeBeforeClassMethods(TestMethodWorker.java:175)
	at org.testng.internal.TestMethodWorker.run(TestMethodWorker.java:107)
	at org.testng.TestRunner.privateRun(TestRunner.java:767)
	at org.testng.TestRunner.run(TestRunner.java:617)
	at org.testng.SuiteRunner.runTest(SuiteRunner.java:334)
	at org.testng.SuiteRunner.runSequentially(SuiteRunner.java:329)
	at org.testng.SuiteRunner.privateRun(SuiteRunner.java:291)
	at org.testng.SuiteRunner.run(SuiteRunner.java:240)
	at org.testng.SuiteRunnerWorker.runSuite(SuiteRunnerWorker.java:52)
	at org.testng.SuiteRunnerWorker.run(SuiteRunnerWorker.java:86)
	at org.testng.TestNG.runSuitesSequentially(TestNG.java:1198)
	at org.testng.TestNG.runSuitesLocally(TestNG.java:1123)
	at org.testng.TestNG.run(TestNG.java:1031)
	at org.testng.remote.AbstractRemoteTestNG.run(AbstractRemoteTestNG.java:115)
	at org.testng.remote.RemoteTestNG.initAndRun(RemoteTestNG.java:251)
	at org.testng.remote.RemoteTestNG.main(RemoteTestNG.java:77)
]]>
    </failure>
  </testcase> <!-- @BeforeClass startApp -->
  <testcase classname="com.migo.android.tests.MF2.Migo_MF2" name="@BeforeClass MFI_Precondition" time="0.0">
    <skipped/>
  </testcase> <!-- @BeforeClass MFI_Precondition -->
  <testcase classname="com.migo.android.tests.MF2.Migo_MF2" name="@AfterClass stopApp" time="0.0">
    <failure type="org.testng.TestNGException" message="
Parameter &amp;apos;device&amp;apos; is required by @Configuration on method stopApp but has not been marked @Optional or defined
in /tmp/testng-eclipse--547586258/testng-customsuite.xml">
      <![CDATA[org.testng.TestNGException: 
Parameter 'device' is required by @Configuration on method stopApp but has not been marked @Optional or defined
in /tmp/testng-eclipse--547586258/testng-customsuite.xml
	at org.testng.internal.Parameters.createParameters(Parameters.java:155)
	at org.testng.internal.Parameters.createParameters(Parameters.java:355)
	at org.testng.internal.Parameters.createConfigurationParameters(Parameters.java:86)
	at org.testng.internal.Invoker.invokeConfigurations(Invoker.java:199)
	at org.testng.internal.Invoker.invokeConfigurations(Invoker.java:138)
	at org.testng.internal.TestMethodWorker.invokeAfterClassMethods(TestMethodWorker.java:225)
	at org.testng.internal.TestMethodWorker.run(TestMethodWorker.java:114)
	at org.testng.TestRunner.privateRun(TestRunner.java:767)
	at org.testng.TestRunner.run(TestRunner.java:617)
	at org.testng.SuiteRunner.runTest(SuiteRunner.java:334)
	at org.testng.SuiteRunner.runSequentially(SuiteRunner.java:329)
	at org.testng.SuiteRunner.privateRun(SuiteRunner.java:291)
	at org.testng.SuiteRunner.run(SuiteRunner.java:240)
	at org.testng.SuiteRunnerWorker.runSuite(SuiteRunnerWorker.java:52)
	at org.testng.SuiteRunnerWorker.run(SuiteRunnerWorker.java:86)
	at org.testng.TestNG.runSuitesSequentially(TestNG.java:1198)
	at org.testng.TestNG.runSuitesLocally(TestNG.java:1123)
	at org.testng.TestNG.run(TestNG.java:1031)
	at org.testng.remote.AbstractRemoteTestNG.run(AbstractRemoteTestNG.java:115)
	at org.testng.remote.RemoteTestNG.initAndRun(RemoteTestNG.java:251)
	at org.testng.remote.RemoteTestNG.main(RemoteTestNG.java:77)
]]>
    </failure>
  </testcase> <!-- @AfterClass stopApp -->
  <testcase classname="com.migo.android.tests.MF2.Migo_MF2" name="MF2_001 on [Migo_MF2 passed=0 failed=0 skipped=0]" time="0.002">
    <skipped/>
  </testcase> <!-- MF2_001 on [Migo_MF2 passed=0 failed=0 skipped=0] -->
</testsuite> <!-- Default test -->
