<?xml version="1.0" encoding="UTF-8"?>
<!-- Generated by org.testng.reporters.JUnitXMLReporter -->
<testsuite hostname="CTNL0025" failures="0" tests="2" name="Test1" time="481.798" errors="0" timestamp="4 Oct 2019 12:27:49 GMT">
  <testcase classname="com.migo.android.tests.MF2.Migo_MF2" name="MF2_001 on [Migo_MF2 passed=0 failed=0 skipped=0]" time="75.268"/>
  <testcase classname="com.migo.android.tests.MF1.Migo_MF1" name="MF1_001 on [Migo_MF1 passed=0 failed=0 skipped=0]" time="60.18"/>
</testsuite> <!-- Test1 -->
